H:\PAINTERENGINE GAME\PAINTERENGINE\RELEASE\PAINTERENGINE_CONSOLE.OBJ
H:\PAINTERENGINE GAME\PAINTERENGINE\RELEASE\PAINTERENGINE_MESSAGEBOX.OBJ
H:\PAINTERENGINE GAME\PAINTERENGINE\RELEASE\PAINTERENGINE_RUNTIME.OBJ
H:\PAINTERENGINE GAME\PAINTERENGINE\RELEASE\PLATFORM_WINDOWS_D2D.OBJ
H:\PAINTERENGINE GAME\PAINTERENGINE\RELEASE\PLATFORM_WINDOWS_DSOUND.OBJ
H:\PAINTERENGINE GAME\PAINTERENGINE\RELEASE\PX_3D.OBJ
H:\PAINTERENGINE GAME\PAINTERENGINE\RELEASE\PX_3D_OBJDATA.OBJ
H:\PAINTERENGINE GAME\PAINTERENGINE\RELEASE\PX_AES.OBJ
H:\PAINTERENGINE GAME\PAINTERENGINE\RELEASE\PX_ANIMATION.OBJ
H:\PAINTERENGINE GAME\PAINTERENGINE\RELEASE\PX_ANN.OBJ
H:\PAINTERENGINE GAME\PAINTERENGINE\RELEASE\PX_ARLE.OBJ
H:\PAINTERENGINE GAME\PAINTERENGINE\RELEASE\PX_BASE64.OBJ
H:\PAINTERENGINE GAME\PAINTERENGINE\RELEASE\PX_BASEGEO.OBJ
H:\PAINTERENGINE GAME\PAINTERENGINE\RELEASE\PX_BITMAP.OBJ
H:\PAINTERENGINE GAME\PAINTERENGINE\RELEASE\PX_BPNEURAL.OBJ
H:\PAINTERENGINE GAME\PAINTERENGINE\RELEASE\PX_CURVE25519.OBJ
H:\PAINTERENGINE GAME\PAINTERENGINE\RELEASE\PX_EFFECT.OBJ
H:\PAINTERENGINE GAME\PAINTERENGINE\RELEASE\PX_FONT.OBJ
H:\PAINTERENGINE GAME\PAINTERENGINE\RELEASE\PX_HASHMAP.OBJ
H:\PAINTERENGINE GAME\PAINTERENGINE\RELEASE\PX_HUFFMAN.OBJ
H:\PAINTERENGINE GAME\PAINTERENGINE\RELEASE\PX_JSON.OBJ
H:\PAINTERENGINE GAME\PAINTERENGINE\RELEASE\PX_KALMANFILTER.OBJ
H:\PAINTERENGINE GAME\PAINTERENGINE\RELEASE\PX_LEXER.OBJ
H:\PAINTERENGINE GAME\PAINTERENGINE\RELEASE\PX_LINKER.OBJ
H:\PAINTERENGINE GAME\PAINTERENGINE\RELEASE\PX_LIST.OBJ
H:\PAINTERENGINE GAME\PAINTERENGINE\RELEASE\PX_LOG.OBJ
H:\PAINTERENGINE GAME\PAINTERENGINE\RELEASE\PX_MEMORY.OBJ
H:\PAINTERENGINE GAME\PAINTERENGINE\RELEASE\PX_MEMORYPOOL.OBJ
H:\PAINTERENGINE GAME\PAINTERENGINE\RELEASE\PX_MFCC.OBJ
H:\PAINTERENGINE GAME\PAINTERENGINE\RELEASE\PX_MODBUS.OBJ
H:\PAINTERENGINE GAME\PAINTERENGINE\RELEASE\PX_OBJECT.OBJ
H:\PAINTERENGINE GAME\PAINTERENGINE\RELEASE\PX_PACKET.OBJ
H:\PAINTERENGINE GAME\PAINTERENGINE\RELEASE\PX_PARALLELCORE.OBJ
H:\PAINTERENGINE GAME\PAINTERENGINE\RELEASE\PX_PARTICAL.OBJ
H:\PAINTERENGINE GAME\PAINTERENGINE\RELEASE\PX_QUADTREE.OBJ
H:\PAINTERENGINE GAME\PAINTERENGINE\RELEASE\PX_QUICKSORT.OBJ
H:\PAINTERENGINE GAME\PAINTERENGINE\RELEASE\PX_RBTREE.OBJ
H:\PAINTERENGINE GAME\PAINTERENGINE\RELEASE\PX_RESOURCE.OBJ
H:\PAINTERENGINE GAME\PAINTERENGINE\RELEASE\PX_SCRIPT_ASMCOMPILER.OBJ
H:\PAINTERENGINE GAME\PAINTERENGINE\RELEASE\PX_SCRIPT_INTERPRETER.OBJ
H:\PAINTERENGINE GAME\PAINTERENGINE\RELEASE\PX_SCRIPT_VM.OBJ
H:\PAINTERENGINE GAME\PAINTERENGINE\RELEASE\PX_SHA256.OBJ
H:\PAINTERENGINE GAME\PAINTERENGINE\RELEASE\PX_SOUND.OBJ
H:\PAINTERENGINE GAME\PAINTERENGINE\RELEASE\PX_SOUNDLAB.OBJ
H:\PAINTERENGINE GAME\PAINTERENGINE\RELEASE\PX_SOUNDMODULE.OBJ
H:\PAINTERENGINE GAME\PAINTERENGINE\RELEASE\PX_STRING.OBJ
H:\PAINTERENGINE GAME\PAINTERENGINE\RELEASE\PX_SURFACE.OBJ
H:\PAINTERENGINE GAME\PAINTERENGINE\RELEASE\PX_SYNC.OBJ
H:\PAINTERENGINE GAME\PAINTERENGINE\RELEASE\PX_TEXTURE.OBJ
H:\PAINTERENGINE GAME\PAINTERENGINE\RELEASE\PX_TRAW.OBJ
H:\PAINTERENGINE GAME\PAINTERENGINE\RELEASE\PX_TUNING.OBJ
H:\PAINTERENGINE GAME\PAINTERENGINE\RELEASE\PX_TYPEDEF.OBJ
H:\PAINTERENGINE GAME\PAINTERENGINE\RELEASE\PX_UDP.OBJ
H:\PAINTERENGINE GAME\PAINTERENGINE\RELEASE\PX_VECTOR.OBJ
H:\PAINTERENGINE GAME\PAINTERENGINE\RELEASE\PX_WAVE.OBJ
H:\PAINTERENGINE GAME\PAINTERENGINE\RELEASE\PX_WORLD.OBJ
H:\PAINTERENGINE GAME\PAINTERENGINE\RELEASE\VC100.PDB
H:\PAINTERENGINE GAME\RELEASE\PAINTERENGINE.LIB
I:\PainterEngine Game\PainterEngine\Release\cl.command.1.tlog
I:\PainterEngine Game\PainterEngine\Release\CL.read.1.tlog
I:\PainterEngine Game\PainterEngine\Release\CL.write.1.tlog
I:\PainterEngine Game\PainterEngine\Release\lib.command.1.tlog
I:\PainterEngine Game\PainterEngine\Release\Lib-link.read.1.tlog
I:\PainterEngine Game\PainterEngine\Release\Lib-link.write.1.tlog
I:\PainterEngine Game\PainterEngine\Release\PainterEngine.write.1.tlog
I:\PAINTERENGINE GAME\PAINTERENGINE\RELEASE\PAINTERENGINE_CONSOLE.OBJ
I:\PAINTERENGINE GAME\PAINTERENGINE\RELEASE\PAINTERENGINE_MESSAGEBOX.OBJ
I:\PAINTERENGINE GAME\PAINTERENGINE\RELEASE\PAINTERENGINE_RUNTIME.OBJ
I:\PAINTERENGINE GAME\PAINTERENGINE\RELEASE\PLATFORM_WINDOWS_D2D.OBJ
I:\PAINTERENGINE GAME\PAINTERENGINE\RELEASE\PLATFORM_WINDOWS_DSOUND.OBJ
I:\PAINTERENGINE GAME\PAINTERENGINE\RELEASE\PX_3D.OBJ
I:\PAINTERENGINE GAME\PAINTERENGINE\RELEASE\PX_3D_OBJDATA.OBJ
I:\PAINTERENGINE GAME\PAINTERENGINE\RELEASE\PX_AES.OBJ
I:\PAINTERENGINE GAME\PAINTERENGINE\RELEASE\PX_ANIMATION.OBJ
I:\PAINTERENGINE GAME\PAINTERENGINE\RELEASE\PX_ANN.OBJ
I:\PAINTERENGINE GAME\PAINTERENGINE\RELEASE\PX_ARLE.OBJ
I:\PAINTERENGINE GAME\PAINTERENGINE\RELEASE\PX_BASE64.OBJ
I:\PAINTERENGINE GAME\PAINTERENGINE\RELEASE\PX_BASEGEO.OBJ
I:\PAINTERENGINE GAME\PAINTERENGINE\RELEASE\PX_BITMAP.OBJ
I:\PAINTERENGINE GAME\PAINTERENGINE\RELEASE\PX_BPNEURAL.OBJ
I:\PAINTERENGINE GAME\PAINTERENGINE\RELEASE\PX_CURVE25519.OBJ
I:\PAINTERENGINE GAME\PAINTERENGINE\RELEASE\PX_EFFECT.OBJ
I:\PAINTERENGINE GAME\PAINTERENGINE\RELEASE\PX_FONT.OBJ
I:\PAINTERENGINE GAME\PAINTERENGINE\RELEASE\PX_HASHMAP.OBJ
I:\PAINTERENGINE GAME\PAINTERENGINE\RELEASE\PX_HUFFMAN.OBJ
I:\PAINTERENGINE GAME\PAINTERENGINE\RELEASE\PX_JSON.OBJ
I:\PAINTERENGINE GAME\PAINTERENGINE\RELEASE\PX_KALMANFILTER.OBJ
I:\PAINTERENGINE GAME\PAINTERENGINE\RELEASE\PX_LEXER.OBJ
I:\PAINTERENGINE GAME\PAINTERENGINE\RELEASE\PX_LINKER.OBJ
I:\PAINTERENGINE GAME\PAINTERENGINE\RELEASE\PX_LIST.OBJ
I:\PAINTERENGINE GAME\PAINTERENGINE\RELEASE\PX_LOG.OBJ
I:\PAINTERENGINE GAME\PAINTERENGINE\RELEASE\PX_MEMORY.OBJ
I:\PAINTERENGINE GAME\PAINTERENGINE\RELEASE\PX_MEMORYPOOL.OBJ
I:\PAINTERENGINE GAME\PAINTERENGINE\RELEASE\PX_MFCC.OBJ
I:\PAINTERENGINE GAME\PAINTERENGINE\RELEASE\PX_MODBUS.OBJ
I:\PAINTERENGINE GAME\PAINTERENGINE\RELEASE\PX_OBJECT.OBJ
I:\PAINTERENGINE GAME\PAINTERENGINE\RELEASE\PX_PACKET.OBJ
I:\PAINTERENGINE GAME\PAINTERENGINE\RELEASE\PX_PARALLELCORE.OBJ
I:\PAINTERENGINE GAME\PAINTERENGINE\RELEASE\PX_PARTICAL.OBJ
I:\PAINTERENGINE GAME\PAINTERENGINE\RELEASE\PX_QUADTREE.OBJ
I:\PAINTERENGINE GAME\PAINTERENGINE\RELEASE\PX_QUICKSORT.OBJ
I:\PAINTERENGINE GAME\PAINTERENGINE\RELEASE\PX_RBTREE.OBJ
I:\PAINTERENGINE GAME\PAINTERENGINE\RELEASE\PX_RESOURCE.OBJ
I:\PAINTERENGINE GAME\PAINTERENGINE\RELEASE\PX_SCRIPT_ASMCOMPILER.OBJ
I:\PAINTERENGINE GAME\PAINTERENGINE\RELEASE\PX_SCRIPT_INTERPRETER.OBJ
I:\PAINTERENGINE GAME\PAINTERENGINE\RELEASE\PX_SCRIPT_VM.OBJ
I:\PAINTERENGINE GAME\PAINTERENGINE\RELEASE\PX_SHA256.OBJ
I:\PAINTERENGINE GAME\PAINTERENGINE\RELEASE\PX_SOUND.OBJ
I:\PAINTERENGINE GAME\PAINTERENGINE\RELEASE\PX_SOUNDLAB.OBJ
I:\PAINTERENGINE GAME\PAINTERENGINE\RELEASE\PX_SOUNDMODULE.OBJ
I:\PAINTERENGINE GAME\PAINTERENGINE\RELEASE\PX_STRING.OBJ
I:\PAINTERENGINE GAME\PAINTERENGINE\RELEASE\PX_SURFACE.OBJ
I:\PAINTERENGINE GAME\PAINTERENGINE\RELEASE\PX_SYNC.OBJ
I:\PAINTERENGINE GAME\PAINTERENGINE\RELEASE\PX_TEXTURE.OBJ
I:\PAINTERENGINE GAME\PAINTERENGINE\RELEASE\PX_TRAW.OBJ
I:\PAINTERENGINE GAME\PAINTERENGINE\RELEASE\PX_TUNING.OBJ
I:\PAINTERENGINE GAME\PAINTERENGINE\RELEASE\PX_TYPEDEF.OBJ
I:\PAINTERENGINE GAME\PAINTERENGINE\RELEASE\PX_UDP.OBJ
I:\PAINTERENGINE GAME\PAINTERENGINE\RELEASE\PX_VECTOR.OBJ
I:\PAINTERENGINE GAME\PAINTERENGINE\RELEASE\PX_WAVE.OBJ
I:\PAINTERENGINE GAME\PAINTERENGINE\RELEASE\PX_WORLD.OBJ
I:\PAINTERENGINE GAME\PAINTERENGINE\RELEASE\VC100.PDB
I:\PAINTERENGINE GAME\RELEASE\PAINTERENGINE.LIB
