生成启动时间为 2020/6/15 10:36:06。
     1>项目“I:\PainterEngine Game\PainterEngine\PainterEngine.vcxproj”在节点 2 上(rebuild 个目标)。
     1>_PrepareForClean:
         正在删除文件“Release\PainterEngine.lastbuildstate”。
       InitializeBuildStatus:
         正在创建“Release\PainterEngine.unsuccessfulbuild”，因为已指定“AlwaysCreate”。
       ClCompile:
         d:\Program Files (x86)\Microsoft Visual Studio 10.0\VC\bin\CL.exe /c /Zi /nologo /W3 /WX- /O2 /Oi /Oy- /GL /D _MBCS /Gm- /EHsc /MD /GS /Gy /fp:precise /Zc:wchar_t /Zc:forScope /Fo"Release\\" /Fd"Release\vc100.pdb" /Gd /TC /analyze- /errorReport:prompt ..\..\PainterEngine\architecture\PainterEngine_Console.c ..\..\PainterEngine\architecture\PainterEngine_MessageBox.c ..\..\PainterEngine\architecture\PainterEngine_Runtime.c ..\..\PainterEngine\core\PX_3D.c ..\..\PainterEngine\core\PX_AES.c ..\..\PainterEngine\core\PX_ANN.c ..\..\PainterEngine\core\PX_Arle.c ..\..\PainterEngine\core\PX_Base64.c ..\..\PainterEngine\core\PX_BaseGeo.c ..\..\PainterEngine\core\PX_Bitmap.c ..\..\PainterEngine\core\PX_BpNeural.c ..\..\PainterEngine\core\PX_curve25519.c ..\..\PainterEngine\core\PX_Effect.c ..\..\PainterEngine\core\PX_Font.c ..\..\PainterEngine\core\PX_Hashmap.c ..\..\PainterEngine\core\PX_Huffman.c ..\..\PainterEngine\core\PX_KalmanFilter.c ..\..\PainterEngine\core\PX_Linker.c ..\..\PainterEngine\core\PX_List.c ..\..\PainterEngine\core\PX_Log.c ..\..\PainterEngine\core\PX_Memory.c ..\..\PainterEngine\core\PX_MemoryPool.c ..\..\PainterEngine\core\PX_MFCC.c ..\..\PainterEngine\core\PX_Packet.c ..\..\PainterEngine\core\PX_ParallelCore.c ..\..\PainterEngine\core\PX_Quadtree.c ..\..\PainterEngine\core\PX_Quicksort.c ..\..\PainterEngine\core\PX_rbtree.c ..\..\PainterEngine\core\PX_Sha256.c ..\..\PainterEngine\core\PX_Sound.c ..\..\PainterEngine\core\PX_SoundModule.c ..\..\PainterEngine\core\PX_String.c ..\..\PainterEngine\core\PX_Surface.c ..\..\PainterEngine\core\PX_Texture.c ..\..\PainterEngine\core\PX_TRaw.c ..\..\PainterEngine\core\PX_Tuning.c ..\..\PainterEngine\core\PX_Typedef.c ..\..\PainterEngine\core\PX_Vector.c ..\..\PainterEngine\core\PX_Wave.c ..\..\PainterEngine\kernel\PX_3D_ObjData.c ..\..\PainterEngine\kernel\PX_Animation.c ..\..\PainterEngine\kernel\PX_Json.c ..\..\PainterEngine\kernel\PX_Lexer.c ..\..\PainterEngine\kernel\PX_MODBUS.c ..\..\PainterEngine\kernel\PX_Object.c ..\..\PainterEngine\kernel\PX_Partical.c ..\..\PainterEngine\kernel\PX_Resource.c ..\..\PainterEngine\kernel\PX_Script_ASMCompiler.c ..\..\PainterEngine\kernel\PX_Script_Interpreter.c ..\..\PainterEngine\kernel\PX_Script_VM.c ..\..\PainterEngine\kernel\PX_SoundLab.c ..\..\PainterEngine\kernel\PX_Sync.c ..\..\PainterEngine\kernel\PX_World.c ..\..\PainterEngine\platform\windows\px_udp.c
         PainterEngine_Console.c
         PainterEngine_MessageBox.c
         PainterEngine_Runtime.c
         PX_3D.c
         PX_AES.c
         PX_ANN.c
         PX_Arle.c
         PX_Base64.c
         PX_BaseGeo.c
         PX_Bitmap.c
         PX_BpNeural.c
         PX_curve25519.c
         PX_Effect.c
         PX_Font.c
         PX_Hashmap.c
         PX_Huffman.c
         PX_KalmanFilter.c
         PX_Linker.c
         PX_List.c
         PX_Log.c
         正在编译...
         PX_Memory.c
         PX_MemoryPool.c
         PX_MFCC.c
         PX_Packet.c
         PX_ParallelCore.c
         PX_Quadtree.c
         PX_Quicksort.c
         PX_rbtree.c
         PX_Sha256.c
         PX_Sound.c
         PX_SoundModule.c
         PX_String.c
         PX_Surface.c
         PX_Texture.c
         PX_TRaw.c
         PX_Tuning.c
         PX_Typedef.c
         PX_Vector.c
         PX_Wave.c
         PX_3D_ObjData.c
         正在编译...
         PX_Animation.c
         PX_Json.c
         PX_Lexer.c
         PX_MODBUS.c
         PX_Object.c
         PX_Partical.c
         PX_Resource.c
         PX_Script_ASMCompiler.c
         PX_Script_Interpreter.c
         PX_Script_VM.c
         PX_SoundLab.c
         PX_Sync.c
         PX_World.c
         px_udp.c
         d:\Program Files (x86)\Microsoft Visual Studio 10.0\VC\bin\CL.exe /c /Zi /nologo /W3 /WX- /O2 /Oi /Oy- /GL /D _MBCS /Gm- /EHsc /MD /GS /Gy /fp:precise /Zc:wchar_t /Zc:forScope /Fo"Release\\" /Fd"Release\vc100.pdb" /Gd /TP /analyze- /errorReport:prompt ..\..\PainterEngine\platform\windows\Platform_Windows_D2D.cpp ..\..\PainterEngine\platform\windows\Platform_Windows_DSound.cpp
         Platform_Windows_D2D.cpp
         Platform_Windows_DSound.cpp
       Lib:
         d:\Program Files (x86)\Microsoft Visual Studio 10.0\VC\bin\Lib.exe /OUT:"I:\PainterEngine Game\Release\PainterEngine.lib" /NOLOGO /LTCG Release\PainterEngine_Console.obj
         Release\PainterEngine_MessageBox.obj
         Release\PainterEngine_Runtime.obj
         Release\PX_3D.obj
         Release\PX_AES.obj
         Release\PX_ANN.obj
         Release\PX_Arle.obj
         Release\PX_Base64.obj
         Release\PX_BaseGeo.obj
         Release\PX_Bitmap.obj
         Release\PX_BpNeural.obj
         Release\PX_curve25519.obj
         Release\PX_Effect.obj
         Release\PX_Font.obj
         Release\PX_Hashmap.obj
         Release\PX_Huffman.obj
         Release\PX_KalmanFilter.obj
         Release\PX_Linker.obj
         Release\PX_List.obj
         Release\PX_Log.obj
         Release\PX_Memory.obj
         Release\PX_MemoryPool.obj
         Release\PX_MFCC.obj
         Release\PX_Packet.obj
         Release\PX_ParallelCore.obj
         Release\PX_Quadtree.obj
         Release\PX_Quicksort.obj
         Release\PX_rbtree.obj
         Release\PX_Sha256.obj
         Release\PX_Sound.obj
         Release\PX_SoundModule.obj
         Release\PX_String.obj
         Release\PX_Surface.obj
         Release\PX_Texture.obj
         Release\PX_TRaw.obj
         Release\PX_Tuning.obj
         Release\PX_Typedef.obj
         Release\PX_Vector.obj
         Release\PX_Wave.obj
         Release\PX_3D_ObjData.obj
         Release\PX_Animation.obj
         Release\PX_Json.obj
         Release\PX_Lexer.obj
         Release\PX_MODBUS.obj
         Release\PX_Object.obj
         Release\PX_Partical.obj
         Release\PX_Resource.obj
         Release\PX_Script_ASMCompiler.obj
         Release\PX_Script_Interpreter.obj
         Release\PX_Script_VM.obj
         Release\PX_SoundLab.obj
         Release\PX_Sync.obj
         Release\PX_World.obj
         Release\Platform_Windows_D2D.obj
         Release\Platform_Windows_DSound.obj
         Release\px_udp.obj
         PainterEngine.vcxproj -> I:\PainterEngine Game\Release\PainterEngine.lib
       FinalizeBuildStatus:
         正在删除文件“Release\PainterEngine.unsuccessfulbuild”。
         正在对“Release\PainterEngine.lastbuildstate”执行 Touch 任务。
     1>已完成生成项目“I:\PainterEngine Game\PainterEngine\PainterEngine.vcxproj”(rebuild 个目标)的操作。

生成成功。

已用时间 00:00:30.81
