I:\PAINTERENGINE GAME\DEBUG\PAINTERENGINE.LIB
I:\PainterEngine Game\PainterEngine\Debug\cl.command.1.tlog
I:\PainterEngine Game\PainterEngine\Debug\CL.read.1.tlog
I:\PainterEngine Game\PainterEngine\Debug\CL.write.1.tlog
I:\PainterEngine Game\PainterEngine\Debug\lib.command.1.tlog
I:\PainterEngine Game\PainterEngine\Debug\Lib-link.read.1.tlog
I:\PainterEngine Game\PainterEngine\Debug\Lib-link.write.1.tlog
I:\PainterEngine Game\PainterEngine\Debug\PainterEngine.write.1.tlog
I:\PAINTERENGINE GAME\PAINTERENGINE\DEBUG\PAINTERENGINE_CONSOLE.OBJ
I:\PAINTERENGINE GAME\PAINTERENGINE\DEBUG\PAINTERENGINE_MESSAGEBOX.OBJ
I:\PAINTERENGINE GAME\PAINTERENGINE\DEBUG\PAINTERENGINE_RUNTIME.OBJ
I:\PAINTERENGINE GAME\PAINTERENGINE\DEBUG\PLATFORM_WINDOWS_D2D.OBJ
I:\PAINTERENGINE GAME\PAINTERENGINE\DEBUG\PLATFORM_WINDOWS_DSOUND.OBJ
I:\PAINTERENGINE GAME\PAINTERENGINE\DEBUG\PX_3D.OBJ
I:\PAINTERENGINE GAME\PAINTERENGINE\DEBUG\PX_3D_OBJDATA.OBJ
I:\PAINTERENGINE GAME\PAINTERENGINE\DEBUG\PX_AES.OBJ
I:\PAINTERENGINE GAME\PAINTERENGINE\DEBUG\PX_ANIMATION.OBJ
I:\PAINTERENGINE GAME\PAINTERENGINE\DEBUG\PX_ANN.OBJ
I:\PAINTERENGINE GAME\PAINTERENGINE\DEBUG\PX_ARLE.OBJ
I:\PAINTERENGINE GAME\PAINTERENGINE\DEBUG\PX_BASE64.OBJ
I:\PAINTERENGINE GAME\PAINTERENGINE\DEBUG\PX_BASEGEO.OBJ
I:\PAINTERENGINE GAME\PAINTERENGINE\DEBUG\PX_BITMAP.OBJ
I:\PAINTERENGINE GAME\PAINTERENGINE\DEBUG\PX_BPNEURAL.OBJ
I:\PAINTERENGINE GAME\PAINTERENGINE\DEBUG\PX_CURVE25519.OBJ
I:\PAINTERENGINE GAME\PAINTERENGINE\DEBUG\PX_EFFECT.OBJ
I:\PAINTERENGINE GAME\PAINTERENGINE\DEBUG\PX_FONT.OBJ
I:\PAINTERENGINE GAME\PAINTERENGINE\DEBUG\PX_HASHMAP.OBJ
I:\PAINTERENGINE GAME\PAINTERENGINE\DEBUG\PX_HUFFMAN.OBJ
I:\PAINTERENGINE GAME\PAINTERENGINE\DEBUG\PX_JSON.OBJ
I:\PAINTERENGINE GAME\PAINTERENGINE\DEBUG\PX_KALMANFILTER.OBJ
I:\PAINTERENGINE GAME\PAINTERENGINE\DEBUG\PX_LEXER.OBJ
I:\PAINTERENGINE GAME\PAINTERENGINE\DEBUG\PX_LINKER.OBJ
I:\PAINTERENGINE GAME\PAINTERENGINE\DEBUG\PX_LIST.OBJ
I:\PAINTERENGINE GAME\PAINTERENGINE\DEBUG\PX_LOG.OBJ
I:\PAINTERENGINE GAME\PAINTERENGINE\DEBUG\PX_MEMORY.OBJ
I:\PAINTERENGINE GAME\PAINTERENGINE\DEBUG\PX_MEMORYPOOL.OBJ
I:\PAINTERENGINE GAME\PAINTERENGINE\DEBUG\PX_MFCC.OBJ
I:\PAINTERENGINE GAME\PAINTERENGINE\DEBUG\PX_MODBUS.OBJ
I:\PAINTERENGINE GAME\PAINTERENGINE\DEBUG\PX_OBJECT.OBJ
I:\PAINTERENGINE GAME\PAINTERENGINE\DEBUG\PX_PACKET.OBJ
I:\PAINTERENGINE GAME\PAINTERENGINE\DEBUG\PX_PARALLELCORE.OBJ
I:\PAINTERENGINE GAME\PAINTERENGINE\DEBUG\PX_PARTICAL.OBJ
I:\PAINTERENGINE GAME\PAINTERENGINE\DEBUG\PX_QUADTREE.OBJ
I:\PAINTERENGINE GAME\PAINTERENGINE\DEBUG\PX_QUICKSORT.OBJ
I:\PAINTERENGINE GAME\PAINTERENGINE\DEBUG\PX_RBTREE.OBJ
I:\PAINTERENGINE GAME\PAINTERENGINE\DEBUG\PX_RESOURCE.OBJ
I:\PAINTERENGINE GAME\PAINTERENGINE\DEBUG\PX_SCRIPT_ASMCOMPILER.OBJ
I:\PAINTERENGINE GAME\PAINTERENGINE\DEBUG\PX_SCRIPT_INTERPRETER.OBJ
I:\PAINTERENGINE GAME\PAINTERENGINE\DEBUG\PX_SCRIPT_VM.OBJ
I:\PAINTERENGINE GAME\PAINTERENGINE\DEBUG\PX_SHA256.OBJ
I:\PAINTERENGINE GAME\PAINTERENGINE\DEBUG\PX_SOUND.OBJ
I:\PAINTERENGINE GAME\PAINTERENGINE\DEBUG\PX_SOUNDLAB.OBJ
I:\PAINTERENGINE GAME\PAINTERENGINE\DEBUG\PX_SOUNDMODULE.OBJ
I:\PAINTERENGINE GAME\PAINTERENGINE\DEBUG\PX_STRING.OBJ
I:\PAINTERENGINE GAME\PAINTERENGINE\DEBUG\PX_SURFACE.OBJ
I:\PAINTERENGINE GAME\PAINTERENGINE\DEBUG\PX_SYNC.OBJ
I:\PAINTERENGINE GAME\PAINTERENGINE\DEBUG\PX_TEXTURE.OBJ
I:\PAINTERENGINE GAME\PAINTERENGINE\DEBUG\PX_TRAW.OBJ
I:\PAINTERENGINE GAME\PAINTERENGINE\DEBUG\PX_TUNING.OBJ
I:\PAINTERENGINE GAME\PAINTERENGINE\DEBUG\PX_TYPEDEF.OBJ
I:\PAINTERENGINE GAME\PAINTERENGINE\DEBUG\PX_UDP.OBJ
I:\PAINTERENGINE GAME\PAINTERENGINE\DEBUG\PX_VECTOR.OBJ
I:\PAINTERENGINE GAME\PAINTERENGINE\DEBUG\PX_WAVE.OBJ
I:\PAINTERENGINE GAME\PAINTERENGINE\DEBUG\PX_WORLD.OBJ
I:\PainterEngine Game\PainterEngine\Debug\vc100.idb
I:\PAINTERENGINE GAME\PAINTERENGINE\DEBUG\VC100.PDB
